2020-07-03 12:18:34.259  INFO 26100 --- [main] kz.iitu.cs.demo.DemoApplication          : Starting DemoApplication on DESKTOP-NFMOMHD with PID 26100 (C:\Users\nemes\Desktop\Gexabyte\Gexabyte\target\classes started by nemes in C:\Users\nemes\Desktop\Gexabyte\Gexabyte)
2020-07-03 12:18:34.259 DEBUG 26100 --- [main] kz.iitu.cs.demo.DemoApplication          : Running with Spring Boot v2.3.1.RELEASE, Spring v5.2.7.RELEASE
2020-07-03 12:18:34.259  INFO 26100 --- [main] kz.iitu.cs.demo.DemoApplication          : No active profile set, falling back to default profiles: default
2020-07-03 12:18:34.965  INFO 26100 --- [main] .s.d.r.c.RepositoryConfigurationDelegate : Bootstrapping Spring Data JPA repositories in DEFERRED mode.
2020-07-03 12:18:35.037  INFO 26100 --- [main] .s.d.r.c.RepositoryConfigurationDelegate : Finished Spring Data repository scanning in 54ms. Found 1 JPA repository interfaces.
2020-07-03 12:18:35.514  INFO 26100 --- [main] o.s.b.w.embedded.tomcat.TomcatWebServer  : Tomcat initialized with port(s): 8080 (http)
2020-07-03 12:18:35.514  INFO 26100 --- [main] o.apache.catalina.core.StandardService   : Starting service [Tomcat]
2020-07-03 12:18:35.514  INFO 26100 --- [main] org.apache.catalina.core.StandardEngine  : Starting Servlet engine: [Apache Tomcat/9.0.36]
2020-07-03 12:18:35.655  INFO 26100 --- [main] o.a.c.c.C.[Tomcat].[localhost].[/]       : Initializing Spring embedded WebApplicationContext
2020-07-03 12:18:35.655  INFO 26100 --- [main] w.s.c.ServletWebServerApplicationContext : Root WebApplicationContext: initialization completed in 1349 ms
2020-07-03 12:18:35.840  INFO 26100 --- [main] o.s.s.concurrent.ThreadPoolTaskExecutor  : Initializing ExecutorService 'applicationTaskExecutor'
2020-07-03 12:18:35.877  INFO 26100 --- [task-1] o.hibernate.jpa.internal.util.LogHelper  : HHH000204: Processing PersistenceUnitInfo [name: default]
2020-07-03 12:18:35.906  WARN 26100 --- [main] JpaBaseConfiguration$JpaWebConfiguration : spring.jpa.open-in-view is enabled by default. Therefore, database queries may be performed during view rendering. Explicitly configure spring.jpa.open-in-view to disable this warning
2020-07-03 12:18:35.929  INFO 26100 --- [task-1] org.hibernate.Version                    : HHH000412: Hibernate ORM core version 5.4.17.Final
2020-07-03 12:18:36.067  INFO 26100 --- [task-1] o.hibernate.annotations.common.Version   : HCANN000001: Hibernate Commons Annotations {5.1.0.Final}
2020-07-03 12:18:36.130  INFO 26100 --- [main] o.s.b.a.w.s.WelcomePageHandlerMapping    : Adding welcome page template: index
2020-07-03 12:18:36.301  INFO 26100 --- [task-1] com.zaxxer.hikari.HikariDataSource       : HikariPool-1 - Starting...
2020-07-03 12:18:36.903  INFO 26100 --- [main] o.s.b.w.embedded.tomcat.TomcatWebServer  : Tomcat started on port(s): 8080 (http) with context path ''
2020-07-03 12:18:36.903  INFO 26100 --- [main] DeferredRepositoryInitializationListener : Triggering deferred initialization of Spring Data repositories…
2020-07-03 12:18:36.903  INFO 26100 --- [task-1] com.zaxxer.hikari.HikariDataSource       : HikariPool-1 - Start completed.
2020-07-03 12:18:36.935  INFO 26100 --- [task-1] org.hibernate.dialect.Dialect            : HHH000400: Using dialect: org.hibernate.dialect.MySQL8Dialect
2020-07-03 12:18:37.583  INFO 26100 --- [task-1] o.h.e.t.j.p.i.JtaPlatformInitiator       : HHH000490: Using JtaPlatform implementation: [org.hibernate.engine.transaction.jta.platform.internal.NoJtaPlatform]
2020-07-03 12:18:37.598  INFO 26100 --- [task-1] j.LocalContainerEntityManagerFactoryBean : Initialized JPA EntityManagerFactory for persistence unit 'default'
2020-07-03 12:18:37.770  INFO 26100 --- [main] DeferredRepositoryInitializationListener : Spring Data repositories initialized!
2020-07-03 12:18:37.779  INFO 26100 --- [main] kz.iitu.cs.demo.DemoApplication          : Started DemoApplication in 3.91 seconds (JVM running for 4.794)
2020-07-03 12:18:39.895  INFO 26100 --- [http-nio-8080-exec-1] o.a.c.c.C.[Tomcat].[localhost].[/]       : Initializing Spring DispatcherServlet 'dispatcherServlet'
2020-07-03 12:18:39.895  INFO 26100 --- [http-nio-8080-exec-1] o.s.web.servlet.DispatcherServlet        : Initializing Servlet 'dispatcherServlet'
2020-07-03 12:18:39.902  INFO 26100 --- [http-nio-8080-exec-1] o.s.web.servlet.DispatcherServlet        : Completed initialization in 6 ms
2020-07-03 12:18:41.305 DEBUG 26100 --- [http-nio-8080-exec-4] k.i.cs.demo.Controller.ItemController    : HomePage accessed
2020-07-03 12:18:41.306 ERROR 26100 --- [http-nio-8080-exec-4] k.i.cs.demo.Controller.ItemController    : something goes wrong
2020-07-03 12:42:18.080  INFO 25192 --- [main] kz.iitu.cs.demo.DemoApplication          : Starting DemoApplication on DESKTOP-NFMOMHD with PID 25192 (C:\Users\nemes\Desktop\Gexabyte\Gexabyte\target\classes started by nemes in C:\Users\nemes\Desktop\Gexabyte\Gexabyte)
2020-07-03 12:42:18.083 DEBUG 25192 --- [main] kz.iitu.cs.demo.DemoApplication          : Running with Spring Boot v2.3.1.RELEASE, Spring v5.2.7.RELEASE
2020-07-03 12:42:18.084  INFO 25192 --- [main] kz.iitu.cs.demo.DemoApplication          : No active profile set, falling back to default profiles: default
2020-07-03 12:42:18.811  INFO 25192 --- [main] .s.d.r.c.RepositoryConfigurationDelegate : Bootstrapping Spring Data JPA repositories in DEFERRED mode.
2020-07-03 12:42:18.876  INFO 25192 --- [main] .s.d.r.c.RepositoryConfigurationDelegate : Finished Spring Data repository scanning in 56ms. Found 1 JPA repository interfaces.
2020-07-03 12:42:19.394  INFO 25192 --- [main] o.s.b.w.embedded.tomcat.TomcatWebServer  : Tomcat initialized with port(s): 8080 (http)
2020-07-03 12:42:19.400  INFO 25192 --- [main] o.apache.catalina.core.StandardService   : Starting service [Tomcat]
2020-07-03 12:42:19.403  INFO 25192 --- [main] org.apache.catalina.core.StandardEngine  : Starting Servlet engine: [Apache Tomcat/9.0.36]
2020-07-03 12:42:19.548  INFO 25192 --- [main] o.a.c.c.C.[Tomcat].[localhost].[/]       : Initializing Spring embedded WebApplicationContext
2020-07-03 12:42:19.549  INFO 25192 --- [main] w.s.c.ServletWebServerApplicationContext : Root WebApplicationContext: initialization completed in 1419 ms
2020-07-03 12:42:19.733  INFO 25192 --- [main] o.s.s.concurrent.ThreadPoolTaskExecutor  : Initializing ExecutorService 'applicationTaskExecutor'
2020-07-03 12:42:19.771  INFO 25192 --- [task-1] o.hibernate.jpa.internal.util.LogHelper  : HHH000204: Processing PersistenceUnitInfo [name: default]
2020-07-03 12:42:19.798  WARN 25192 --- [main] JpaBaseConfiguration$JpaWebConfiguration : spring.jpa.open-in-view is enabled by default. Therefore, database queries may be performed during view rendering. Explicitly configure spring.jpa.open-in-view to disable this warning
2020-07-03 12:42:19.821  INFO 25192 --- [task-1] org.hibernate.Version                    : HHH000412: Hibernate ORM core version 5.4.17.Final
2020-07-03 12:42:19.967  INFO 25192 --- [task-1] o.hibernate.annotations.common.Version   : HCANN000001: Hibernate Commons Annotations {5.1.0.Final}
2020-07-03 12:42:20.024  INFO 25192 --- [main] o.s.b.a.w.s.WelcomePageHandlerMapping    : Adding welcome page template: index
2020-07-03 12:42:20.171  INFO 25192 --- [task-1] com.zaxxer.hikari.HikariDataSource       : HikariPool-1 - Starting...
2020-07-03 12:42:20.768  INFO 25192 --- [main] o.s.b.w.embedded.tomcat.TomcatWebServer  : Tomcat started on port(s): 8080 (http) with context path ''
2020-07-03 12:42:20.770  INFO 25192 --- [main] DeferredRepositoryInitializationListener : Triggering deferred initialization of Spring Data repositories…
2020-07-03 12:42:20.787  INFO 25192 --- [task-1] com.zaxxer.hikari.HikariDataSource       : HikariPool-1 - Start completed.
2020-07-03 12:42:20.810  INFO 25192 --- [task-1] org.hibernate.dialect.Dialect            : HHH000400: Using dialect: org.hibernate.dialect.MySQL8Dialect
2020-07-03 12:42:21.467  INFO 25192 --- [task-1] o.h.e.t.j.p.i.JtaPlatformInitiator       : HHH000490: Using JtaPlatform implementation: [org.hibernate.engine.transaction.jta.platform.internal.NoJtaPlatform]
2020-07-03 12:42:21.477  INFO 25192 --- [task-1] j.LocalContainerEntityManagerFactoryBean : Initialized JPA EntityManagerFactory for persistence unit 'default'
2020-07-03 12:42:21.648  INFO 25192 --- [main] DeferredRepositoryInitializationListener : Spring Data repositories initialized!
2020-07-03 12:42:21.656  INFO 25192 --- [main] kz.iitu.cs.demo.DemoApplication          : Started DemoApplication in 3.968 seconds (JVM running for 4.849)
2020-07-03 12:42:25.157  INFO 25192 --- [http-nio-8080-exec-1] o.a.c.c.C.[Tomcat].[localhost].[/]       : Initializing Spring DispatcherServlet 'dispatcherServlet'
2020-07-03 12:42:25.159  INFO 25192 --- [http-nio-8080-exec-1] o.s.web.servlet.DispatcherServlet        : Initializing Servlet 'dispatcherServlet'
2020-07-03 12:42:25.165  INFO 25192 --- [http-nio-8080-exec-1] o.s.web.servlet.DispatcherServlet        : Completed initialization in 6 ms
2020-07-03 12:42:27.584 DEBUG 25192 --- [http-nio-8080-exec-6] k.i.cs.demo.Controller.ItemController    : HomePage accessed
2020-07-03 12:42:32.466 DEBUG 25192 --- [http-nio-8080-exec-7] k.i.cs.demo.Controller.ItemController    : NewItemPage accessed
2020-07-03 12:42:38.301 DEBUG 25192 --- [http-nio-8080-exec-9] k.i.cs.demo.Controller.ItemController    : Item successfully saved asd
2020-07-03 12:42:38.318 DEBUG 25192 --- [http-nio-8080-exec-8] k.i.cs.demo.Controller.ItemController    : HomePage accessed
2020-07-03 12:42:45.895 DEBUG 25192 --- [http-nio-8080-exec-1] k.i.cs.demo.Controller.ItemController    : Edit done da
2020-07-03 12:42:49.982 DEBUG 25192 --- [http-nio-8080-exec-3] k.i.cs.demo.Controller.ItemController    : Item successfully saved daada
2020-07-03 12:42:50.005 DEBUG 25192 --- [http-nio-8080-exec-4] k.i.cs.demo.Controller.ItemController    : HomePage accessed
2020-07-03 12:42:55.351 DEBUG 25192 --- [http-nio-8080-exec-5] k.i.cs.demo.Controller.ItemController    : delete done asd
2020-07-03 12:42:55.369 DEBUG 25192 --- [http-nio-8080-exec-6] k.i.cs.demo.Controller.ItemController    : HomePage accessed
"2020-07-03 12:50:03 [main] INFO  kz.iitu.cs.demo.DemoApplication - Starting DemoApplication on DESKTOP-NFMOMHD with PID 3784 (C:\Users\nemes\Desktop\Gexabyte\Gexabyte\target\classes started by nemes in C:\Users\nemes\Desktop\Gexabyte\Gexabyte)
""2020-07-03 12:50:03 [main] DEBUG kz.iitu.cs.demo.DemoApplication - Running with Spring Boot v2.3.1.RELEASE, Spring v5.2.7.RELEASE
""2020-07-03 12:50:03 [main] INFO  kz.iitu.cs.demo.DemoApplication - No active profile set, falling back to default profiles: default
""2020-07-03 12:50:04 [main] INFO  o.s.d.r.c.RepositoryConfigurationDelegate - Bootstrapping Spring Data JPA repositories in DEFERRED mode.
""2020-07-03 12:50:04 [main] INFO  o.s.d.r.c.RepositoryConfigurationDelegate - Finished Spring Data repository scanning in 59ms. Found 1 JPA repository interfaces.
""2020-07-03 12:50:04 [main] INFO  o.s.b.w.e.tomcat.TomcatWebServer - Tomcat initialized with port(s): 8080 (http)
""2020-07-03 12:50:04 [main] INFO  o.a.catalina.core.StandardService - Starting service [Tomcat]
""2020-07-03 12:50:04 [main] INFO  o.a.catalina.core.StandardEngine - Starting Servlet engine: [Apache Tomcat/9.0.36]
""2020-07-03 12:50:04 [main] INFO  o.a.c.c.C.[Tomcat].[localhost].[/] - Initializing Spring embedded WebApplicationContext
""2020-07-03 12:50:04 [main] INFO  o.s.b.w.s.c.ServletWebServerApplicationContext - Root WebApplicationContext: initialization completed in 1466 ms
""2020-07-03 12:50:04 [main] INFO  o.s.s.c.ThreadPoolTaskExecutor - Initializing ExecutorService 'applicationTaskExecutor'
""2020-07-03 12:50:05 [task-1] INFO  o.h.jpa.internal.util.LogHelper - HHH000204: Processing PersistenceUnitInfo [name: default]
""2020-07-03 12:50:05 [main] WARN  o.s.b.a.o.j.JpaBaseConfiguration$JpaWebConfiguration - spring.jpa.open-in-view is enabled by default. Therefore, database queries may be performed during view rendering. Explicitly configure spring.jpa.open-in-view to disable this warning
""2020-07-03 12:50:05 [task-1] INFO  org.hibernate.Version - HHH000412: Hibernate ORM core version 5.4.17.Final
""2020-07-03 12:50:05 [task-1] INFO  o.h.annotations.common.Version - HCANN000001: Hibernate Commons Annotations {5.1.0.Final}
""2020-07-03 12:50:05 [main] INFO  o.s.b.a.w.s.WelcomePageHandlerMapping - Adding welcome page template: index
""2020-07-03 12:50:05 [task-1] INFO  com.zaxxer.hikari.HikariDataSource - HikariPool-1 - Starting...
""2020-07-03 12:50:05 [main] INFO  o.s.s.web.DefaultSecurityFilterChain - Creating filter chain: any request, [org.springframework.security.web.context.request.async.WebAsyncManagerIntegrationFilter@48840594, org.springframework.security.web.context.SecurityContextPersistenceFilter@3dd4a6fa, org.springframework.security.web.header.HeaderWriterFilter@71945bc0, org.springframework.security.web.authentication.logout.LogoutFilter@1fac1d5c, org.springframework.security.web.authentication.UsernamePasswordAuthenticationFilter@3ad4a7d6, org.springframework.security.web.authentication.ui.DefaultLoginPageGeneratingFilter@435e60ff, org.springframework.security.web.authentication.ui.DefaultLogoutPageGeneratingFilter@49c675f0, org.springframework.security.web.savedrequest.RequestCacheAwareFilter@3f725306, org.springframework.security.web.servletapi.SecurityContextHolderAwareRequestFilter@51841ac6, org.springframework.security.web.authentication.AnonymousAuthenticationFilter@14823f76, org.springframework.security.web.session.SessionManagementFilter@49ede9c7, org.springframework.security.web.access.ExceptionTranslationFilter@25d2f66, org.springframework.security.web.access.intercept.FilterSecurityInterceptor@1d23ff23]
""2020-07-03 12:50:06 [main] INFO  o.s.b.w.e.tomcat.TomcatWebServer - Tomcat started on port(s): 8080 (http) with context path ''
""2020-07-03 12:50:06 [main] INFO  o.s.d.r.c.DeferredRepositoryInitializationListener - Triggering deferred initialization of Spring Data repositories…
""2020-07-03 12:50:06 [task-1] INFO  com.zaxxer.hikari.HikariDataSource - HikariPool-1 - Start completed.
""2020-07-03 12:50:06 [task-1] INFO  org.hibernate.dialect.Dialect - HHH000400: Using dialect: org.hibernate.dialect.MySQL8Dialect
""2020-07-03 12:50:06 [task-1] INFO  o.h.e.t.j.p.i.JtaPlatformInitiator - HHH000490: Using JtaPlatform implementation: [org.hibernate.engine.transaction.jta.platform.internal.NoJtaPlatform]
""2020-07-03 12:50:06 [task-1] INFO  o.s.o.j.LocalContainerEntityManagerFactoryBean - Initialized JPA EntityManagerFactory for persistence unit 'default'
""2020-07-03 12:50:06 [main] INFO  o.s.d.r.c.DeferredRepositoryInitializationListener - Spring Data repositories initialized!
""2020-07-03 12:50:06 [main] INFO  kz.iitu.cs.demo.DemoApplication - Started DemoApplication in 4.046 seconds (JVM running for 4.934)
""2020-07-03 12:50:09 [http-nio-8080-exec-1] INFO  o.a.c.c.C.[Tomcat].[localhost].[/] - Initializing Spring DispatcherServlet 'dispatcherServlet'
""2020-07-03 12:50:09 [http-nio-8080-exec-1] INFO  o.s.web.servlet.DispatcherServlet - Initializing Servlet 'dispatcherServlet'
""2020-07-03 12:50:09 [http-nio-8080-exec-1] INFO  o.s.web.servlet.DispatcherServlet - Completed initialization in 10 ms
""2020-07-03 12:50:11 [http-nio-8080-exec-6] DEBUG k.i.c.demo.Controller.ItemController - HomePage accessed
""2020-07-03 12:50:15 [http-nio-8080-exec-5] DEBUG k.i.c.demo.Controller.ItemController - HomePage accessed
""2020-07-03 12:50:15 [http-nio-8080-exec-8] DEBUG k.i.c.demo.Controller.ItemController - HomePage accessed
""2020-07-03 12:50:15 [http-nio-8080-exec-9] DEBUG k.i.c.demo.Controller.ItemController - HomePage accessed
""2020-07-03 12:50:15 [http-nio-8080-exec-10] DEBUG k.i.c.demo.Controller.ItemController - HomePage accessed
""2020-07-03 12:50:15 [http-nio-8080-exec-1] DEBUG k.i.c.demo.Controller.ItemController - HomePage accessed
""2020-07-03 13:03:58 [main] INFO  - Starting DemoApplication on DESKTOP-NFMOMHD with PID 21532 (C:\Users\nemes\Desktop\Gexabyte\Gexabyte\target\classes started by nemes in C:\Users\nemes\Desktop\Gexabyte\Gexabyte)
""2020-07-03 13:03:58 [main] DEBUG - Running with Spring Boot v2.3.1.RELEASE, Spring v5.2.7.RELEASE
""2020-07-03 13:03:58 [main] INFO  - No active profile set, falling back to default profiles: default
""2020-07-03 13:03:59 [main] INFO  - Bootstrapping Spring Data JPA repositories in DEFERRED mode.
""2020-07-03 13:03:59 [main] INFO  - Finished Spring Data repository scanning in 56ms. Found 1 JPA repository interfaces.
""2020-07-03 13:03:59 [main] INFO  - Tomcat initialized with port(s): 8080 (http)
""2020-07-03 13:03:59 [main] INFO  - Starting service [Tomcat]
""2020-07-03 13:03:59 [main] INFO  - Starting Servlet engine: [Apache Tomcat/9.0.36]
""2020-07-03 13:04:00 [main] INFO  - Initializing Spring embedded WebApplicationContext
""2020-07-03 13:04:00 [main] INFO  - Root WebApplicationContext: initialization completed in 1419 ms
""2020-07-03 13:04:00 [main] INFO  - Initializing ExecutorService 'applicationTaskExecutor'
""2020-07-03 13:04:00 [task-1] INFO  - HHH000204: Processing PersistenceUnitInfo [name: default]
""2020-07-03 13:04:00 [main] WARN  - spring.jpa.open-in-view is enabled by default. Therefore, database queries may be performed during view rendering. Explicitly configure spring.jpa.open-in-view to disable this warning
""2020-07-03 13:04:00 [task-1] INFO  - HHH000412: Hibernate ORM core version 5.4.17.Final
""2020-07-03 13:04:00 [task-1] INFO  - HCANN000001: Hibernate Commons Annotations {5.1.0.Final}
""2020-07-03 13:04:00 [main] INFO  - Adding welcome page template: index
""2020-07-03 13:04:00 [task-1] INFO  - HikariPool-1 - Starting...
""2020-07-03 13:04:01 [main] INFO  - Creating filter chain: any request, [org.springframework.security.web.context.request.async.WebAsyncManagerIntegrationFilter@37e0292a, org.springframework.security.web.context.SecurityContextPersistenceFilter@212dfd39, org.springframework.security.web.header.HeaderWriterFilter@2e6f610d, org.springframework.security.web.authentication.logout.LogoutFilter@67b100fe, org.springframework.security.web.authentication.UsernamePasswordAuthenticationFilter@124ac145, org.springframework.security.web.authentication.ui.DefaultLoginPageGeneratingFilter@704641e3, org.springframework.security.web.authentication.ui.DefaultLogoutPageGeneratingFilter@4af70944, org.springframework.security.web.savedrequest.RequestCacheAwareFilter@65d57e4e, org.springframework.security.web.servletapi.SecurityContextHolderAwareRequestFilter@6850b758, org.springframework.security.web.authentication.AnonymousAuthenticationFilter@35267fd4, org.springframework.security.web.session.SessionManagementFilter@10afe71a, org.springframework.security.web.access.ExceptionTranslationFilter@17d32e9b, org.springframework.security.web.access.intercept.FilterSecurityInterceptor@1442f788]
""2020-07-03 13:04:01 [main] INFO  - Tomcat started on port(s): 8080 (http) with context path ''
""2020-07-03 13:04:01 [main] INFO  - Triggering deferred initialization of Spring Data repositories…
""2020-07-03 13:04:01 [task-1] INFO  - HikariPool-1 - Start completed.
""2020-07-03 13:04:01 [task-1] INFO  - HHH000400: Using dialect: org.hibernate.dialect.MySQL8Dialect
""2020-07-03 13:04:01 [task-1] INFO  - HHH000490: Using JtaPlatform implementation: [org.hibernate.engine.transaction.jta.platform.internal.NoJtaPlatform]
""2020-07-03 13:04:01 [task-1] INFO  - Initialized JPA EntityManagerFactory for persistence unit 'default'
""2020-07-03 13:04:02 [main] INFO  - Spring Data repositories initialized!
""2020-07-03 13:04:02 [main] INFO  - Started DemoApplication in 3.937 seconds (JVM running for 4.822)
""2020-07-03 13:04:11 [http-nio-8080-exec-1] INFO  - Initializing Spring DispatcherServlet 'dispatcherServlet'
""2020-07-03 13:04:11 [http-nio-8080-exec-1] INFO  - Initializing Servlet 'dispatcherServlet'
""2020-07-03 13:04:11 [http-nio-8080-exec-1] INFO  - Completed initialization in 15 ms
""2020-07-03 13:04:13 [http-nio-8080-exec-6] DEBUG - HomePage accessed
""2020-07-03 13:04:16 [http-nio-8080-exec-4] DEBUG - HomePage accessed
""2020-07-03 13:04:16 [http-nio-8080-exec-9] DEBUG - HomePage accessed
""2020-07-03 13:04:16 [http-nio-8080-exec-10] DEBUG - HomePage accessed
""2020-07-03 13:04:16 [http-nio-8080-exec-7] DEBUG - HomePage accessed
""2020-07-03 13:04:16 [http-nio-8080-exec-8] DEBUG - HomePage accessed
""2020-07-03 13:04:17 [http-nio-8080-exec-1] DEBUG - HomePage accessed
""[main] INFO  - Starting DemoApplication on DESKTOP-NFMOMHD with PID 2880 (C:\Users\nemes\Desktop\Gexabyte\Gexabyte\target\classes started by nemes in C:\Users\nemes\Desktop\Gexabyte\Gexabyte)
""[main] DEBUG - Running with Spring Boot v2.3.1.RELEASE, Spring v5.2.7.RELEASE
""[main] INFO  - No active profile set, falling back to default profiles: default
""[main] INFO  - Bootstrapping Spring Data JPA repositories in DEFERRED mode.
""[main] INFO  - Finished Spring Data repository scanning in 55ms. Found 1 JPA repository interfaces.
""[main] INFO  - Tomcat initialized with port(s): 8080 (http)
""[main] INFO  - Starting service [Tomcat]
""[main] INFO  - Starting Servlet engine: [Apache Tomcat/9.0.36]
""[main] INFO  - Initializing Spring embedded WebApplicationContext
""[main] INFO  - Root WebApplicationContext: initialization completed in 1481 ms
""[main] INFO  - Initializing ExecutorService 'applicationTaskExecutor'
""[task-1] INFO  - HHH000204: Processing PersistenceUnitInfo [name: default]
""[main] WARN  - spring.jpa.open-in-view is enabled by default. Therefore, database queries may be performed during view rendering. Explicitly configure spring.jpa.open-in-view to disable this warning
""[task-1] INFO  - HHH000412: Hibernate ORM core version 5.4.17.Final
""[task-1] INFO  - HCANN000001: Hibernate Commons Annotations {5.1.0.Final}
""[main] INFO  - Adding welcome page template: index
""[task-1] INFO  - HikariPool-1 - Starting...
""[main] INFO  - Creating filter chain: any request, [org.springframework.security.web.context.request.async.WebAsyncManagerIntegrationFilter@288ca5f0, org.springframework.security.web.context.SecurityContextPersistenceFilter@44b194fe, org.springframework.security.web.header.HeaderWriterFilter@4d3ca6c7, org.springframework.security.web.authentication.logout.LogoutFilter@5d51e129, org.springframework.security.web.authentication.UsernamePasswordAuthenticationFilter@302edb74, org.springframework.security.web.authentication.ui.DefaultLoginPageGeneratingFilter@2dd2e270, org.springframework.security.web.authentication.ui.DefaultLogoutPageGeneratingFilter@4068102e, org.springframework.security.web.savedrequest.RequestCacheAwareFilter@3fe46690, org.springframework.security.web.servletapi.SecurityContextHolderAwareRequestFilter@31a3f4de, org.springframework.security.web.authentication.AnonymousAuthenticationFilter@44bd4b0a, org.springframework.security.web.session.SessionManagementFilter@6a638c79, org.springframework.security.web.access.ExceptionTranslationFilter@44b18fe4, org.springframework.security.web.access.intercept.FilterSecurityInterceptor@75483843]
""[main] INFO  - Tomcat started on port(s): 8080 (http) with context path ''
""[main] INFO  - Triggering deferred initialization of Spring Data repositories…
""[task-1] INFO  - HikariPool-1 - Start completed.
""[task-1] INFO  - HHH000400: Using dialect: org.hibernate.dialect.MySQL8Dialect
""[task-1] INFO  - HHH000490: Using JtaPlatform implementation: [org.hibernate.engine.transaction.jta.platform.internal.NoJtaPlatform]
""[task-1] INFO  - Initialized JPA EntityManagerFactory for persistence unit 'default'
""[main] INFO  - Spring Data repositories initialized!
""[main] INFO  - Started DemoApplication in 4.089 seconds (JVM running for 4.962)
""[http-nio-8080-exec-1] INFO  - Initializing Spring DispatcherServlet 'dispatcherServlet'
""[http-nio-8080-exec-1] INFO  - Initializing Servlet 'dispatcherServlet'
""[http-nio-8080-exec-1] INFO  - Completed initialization in 4 ms
""[http-nio-8080-exec-5] DEBUG - HomePage accessed
""[http-nio-8080-exec-6] DEBUG - HomePage accessed
""[http-nio-8080-exec-7] DEBUG - HomePage accessed
""[http-nio-8080-exec-10] DEBUG - HomePage accessed
""[http-nio-8080-exec-9] DEBUG - HomePage accessed
""[http-nio-8080-exec-8] DEBUG - HomePage accessed
""[main] INFO  - Starting DemoApplication on DESKTOP-NFMOMHD with PID 26160 (C:\Users\nemes\Desktop\Gexabyte\Gexabyte\target\classes started by nemes in C:\Users\nemes\Desktop\Gexabyte\Gexabyte)
""[main] DEBUG - Running with Spring Boot v2.3.1.RELEASE, Spring v5.2.7.RELEASE
""[main] INFO  - No active profile set, falling back to default profiles: default
""[main] INFO  - Bootstrapping Spring Data JPA repositories in DEFERRED mode.
""[main] INFO  - Finished Spring Data repository scanning in 61ms. Found 1 JPA repository interfaces.
""[main] INFO  - Tomcat initialized with port(s): 8080 (http)
""[main] INFO  - Starting service [Tomcat]
""[main] INFO  - Starting Servlet engine: [Apache Tomcat/9.0.36]
""[main] INFO  - Initializing Spring embedded WebApplicationContext
""[main] INFO  - Root WebApplicationContext: initialization completed in 1475 ms
""[main] INFO  - Initializing ExecutorService 'applicationTaskExecutor'
""[task-1] INFO  - HHH000204: Processing PersistenceUnitInfo [name: default]
""[main] WARN  - spring.jpa.open-in-view is enabled by default. Therefore, database queries may be performed during view rendering. Explicitly configure spring.jpa.open-in-view to disable this warning
""[task-1] INFO  - HHH000412: Hibernate ORM core version 5.4.17.Final
""[task-1] INFO  - HCANN000001: Hibernate Commons Annotations {5.1.0.Final}
""[main] INFO  - Adding welcome page template: index
""[task-1] INFO  - HikariPool-1 - Starting...
""[main] INFO  - Creating filter chain: any request, [org.springframework.security.web.context.request.async.WebAsyncManagerIntegrationFilter@4f6b687e, org.springframework.security.web.context.SecurityContextPersistenceFilter@475646d4, org.springframework.security.web.header.HeaderWriterFilter@a7ad6e5, org.springframework.security.web.authentication.logout.LogoutFilter@278667fd, org.springframework.security.web.authentication.UsernamePasswordAuthenticationFilter@6f1a80fb, org.springframework.security.web.authentication.ui.DefaultLoginPageGeneratingFilter@6b69761b, org.springframework.security.web.authentication.ui.DefaultLogoutPageGeneratingFilter@28cb3a25, org.springframework.security.web.savedrequest.RequestCacheAwareFilter@3db972d2, org.springframework.security.web.servletapi.SecurityContextHolderAwareRequestFilter@1b5c3e5f, org.springframework.security.web.authentication.AnonymousAuthenticationFilter@5555ffcf, org.springframework.security.web.session.SessionManagementFilter@690bc15e, org.springframework.security.web.access.ExceptionTranslationFilter@45c2e0a6, org.springframework.security.web.access.intercept.FilterSecurityInterceptor@245ec1a6]
""[main] INFO  - Tomcat started on port(s): 8080 (http) with context path ''
""[main] INFO  - Triggering deferred initialization of Spring Data repositories…
""[task-1] INFO  - HikariPool-1 - Start completed.
""[task-1] INFO  - HHH000400: Using dialect: org.hibernate.dialect.MySQL8Dialect
""[task-1] INFO  - HHH000490: Using JtaPlatform implementation: [org.hibernate.engine.transaction.jta.platform.internal.NoJtaPlatform]
""[task-1] INFO  - Initialized JPA EntityManagerFactory for persistence unit 'default'
""[main] INFO  - Spring Data repositories initialized!
""[main] INFO  - Started DemoApplication in 4.094 seconds (JVM running for 4.985)
""[http-nio-8080-exec-1] INFO  - Initializing Spring DispatcherServlet 'dispatcherServlet'
""[http-nio-8080-exec-1] INFO  - Initializing Servlet 'dispatcherServlet'
""[http-nio-8080-exec-1] INFO  - Completed initialization in 12 ms
""[http-nio-8080-exec-2] DEBUG - HomePage accessed
""[http-nio-8080-exec-5] DEBUG - HomePage accessed
""[http-nio-8080-exec-7] DEBUG - HomePage accessed
""[http-nio-8080-exec-9] DEBUG - HomePage accessed
""[http-nio-8080-exec-8] DEBUG - HomePage accessed
""[main] INFO  - [32m[0;39m Starting DemoApplication on DESKTOP-NFMOMHD with PID 12592 (C:\Users\nemes\Desktop\Gexabyte\Gexabyte\target\classes started by nemes in C:\Users\nemes\Desktop\Gexabyte\Gexabyte)
""[main] DEBUG - [32m[0;39m Running with Spring Boot v2.3.1.RELEASE, Spring v5.2.7.RELEASE
""[main] INFO  - [32m[0;39m No active profile set, falling back to default profiles: default
""[main] INFO  - [32m[0;39m Bootstrapping Spring Data JPA repositories in DEFERRED mode.
""[main] INFO  - [32m[0;39m Finished Spring Data repository scanning in 78ms. Found 1 JPA repository interfaces.
""[main] INFO  - [32m[0;39m Tomcat initialized with port(s): 8080 (http)
""[main] INFO  - [32m[0;39m Starting service [Tomcat]
""[main] INFO  - [32m[0;39m Starting Servlet engine: [Apache Tomcat/9.0.36]
""[main] INFO  - [32m[0;39m Initializing Spring embedded WebApplicationContext
""[main] INFO  - [32m[0;39m Root WebApplicationContext: initialization completed in 1517 ms
""[main] INFO  - [32m[0;39m Initializing ExecutorService 'applicationTaskExecutor'
""[task-1] INFO  - [32m[0;39m HHH000204: Processing PersistenceUnitInfo [name: default]
""[main] WARN  - [33m[0;39m spring.jpa.open-in-view is enabled by default. Therefore, database queries may be performed during view rendering. Explicitly configure spring.jpa.open-in-view to disable this warning
""[task-1] INFO  - [32m[0;39m HHH000412: Hibernate ORM core version 5.4.17.Final
""[task-1] INFO  - [32m[0;39m HCANN000001: Hibernate Commons Annotations {5.1.0.Final}
""[main] INFO  - [32m[0;39m Adding welcome page template: index
""[task-1] INFO  - [32m[0;39m HikariPool-1 - Starting...
""[main] INFO  - [32m[0;39m Creating filter chain: any request, [org.springframework.security.web.context.request.async.WebAsyncManagerIntegrationFilter@49122b8f, org.springframework.security.web.context.SecurityContextPersistenceFilter@4f668f29, org.springframework.security.web.header.HeaderWriterFilter@d0865a3, org.springframework.security.web.authentication.logout.LogoutFilter@38792286, org.springframework.security.web.authentication.UsernamePasswordAuthenticationFilter@44b18fe4, org.springframework.security.web.authentication.ui.DefaultLoginPageGeneratingFilter@3a22bad6, org.springframework.security.web.authentication.ui.DefaultLogoutPageGeneratingFilter@3fe46690, org.springframework.security.web.savedrequest.RequestCacheAwareFilter@7e744f43, org.springframework.security.web.servletapi.SecurityContextHolderAwareRequestFilter@5f7da3d3, org.springframework.security.web.authentication.AnonymousAuthenticationFilter@4beabeec, org.springframework.security.web.session.SessionManagementFilter@7eae3764, org.springframework.security.web.access.ExceptionTranslationFilter@459b187a, org.springframework.security.web.access.intercept.FilterSecurityInterceptor@2e179f3e]
""[main] INFO  - [32m[0;39m Tomcat started on port(s): 8080 (http) with context path ''
""[main] INFO  - [32m[0;39m Triggering deferred initialization of Spring Data repositories…
""[task-1] INFO  - [32m[0;39m HikariPool-1 - Start completed.
""[task-1] INFO  - [32m[0;39m HHH000400: Using dialect: org.hibernate.dialect.MySQL8Dialect
""[task-1] INFO  - [32m[0;39m HHH000490: Using JtaPlatform implementation: [org.hibernate.engine.transaction.jta.platform.internal.NoJtaPlatform]
""[task-1] INFO  - [32m[0;39m Initialized JPA EntityManagerFactory for persistence unit 'default'
""[main] INFO  - [32m[0;39m Spring Data repositories initialized!
""[main] INFO  - [32m[0;39m Started DemoApplication in 4.193 seconds (JVM running for 5.092)
""[http-nio-8080-exec-1] INFO  - [32m[0;39m Initializing Spring DispatcherServlet 'dispatcherServlet'
""[http-nio-8080-exec-1] INFO  - [32m[0;39m Initializing Servlet 'dispatcherServlet'
""[http-nio-8080-exec-1] INFO  - [32m[0;39m Completed initialization in 4 ms
""[http-nio-8080-exec-4] DEBUG - [32m[0;39m HomePage accessed
""[http-nio-8080-exec-5] DEBUG - [32m[0;39m HomePage accessed
""[http-nio-8080-exec-6] DEBUG - [32m[0;39m HomePage accessed
""[http-nio-8080-exec-7] DEBUG - [32m[0;39m HomePage accessed
""[http-nio-8080-exec-9] DEBUG - [32m[0;39m HomePage accessed
""[main] INFO  - [32m[0;39m - Starting DemoApplication on DESKTOP-NFMOMHD with PID 12776 (C:\Users\nemes\Desktop\Gexabyte\Gexabyte\target\classes started by nemes in C:\Users\nemes\Desktop\Gexabyte\Gexabyte)
""[main] DEBUG - [32m[0;39m - Running with Spring Boot v2.3.1.RELEASE, Spring v5.2.7.RELEASE
""[main] INFO  - [32m[0;39m - No active profile set, falling back to default profiles: default
""[main] INFO  - [32m[0;39m - Bootstrapping Spring Data JPA repositories in DEFERRED mode.
""[main] INFO  - [32m[0;39m - Finished Spring Data repository scanning in 57ms. Found 1 JPA repository interfaces.
""[main] INFO  - [32m[0;39m - Tomcat initialized with port(s): 8080 (http)
""[main] INFO  - [32m[0;39m - Starting service [Tomcat]
""[main] INFO  - [32m[0;39m - Starting Servlet engine: [Apache Tomcat/9.0.36]
""[main] INFO  - [32m[0;39m - Initializing Spring embedded WebApplicationContext
""[main] INFO  - [32m[0;39m - Root WebApplicationContext: initialization completed in 1402 ms
""[main] INFO  - [32m[0;39m - Initializing ExecutorService 'applicationTaskExecutor'
""[task-1] INFO  - [32m[0;39m - HHH000204: Processing PersistenceUnitInfo [name: default]
""[main] WARN  - [33m[0;39m - spring.jpa.open-in-view is enabled by default. Therefore, database queries may be performed during view rendering. Explicitly configure spring.jpa.open-in-view to disable this warning
""[task-1] INFO  - [32m[0;39m - HHH000412: Hibernate ORM core version 5.4.17.Final
""[task-1] INFO  - [32m[0;39m - HCANN000001: Hibernate Commons Annotations {5.1.0.Final}
""[main] INFO  - [32m[0;39m - Adding welcome page template: index
""[task-1] INFO  - [32m[0;39m - HikariPool-1 - Starting...
""[main] INFO  - [32m[0;39m - Creating filter chain: any request, [org.springframework.security.web.context.request.async.WebAsyncManagerIntegrationFilter@3bddc676, org.springframework.security.web.context.SecurityContextPersistenceFilter@67f3d192, org.springframework.security.web.header.HeaderWriterFilter@78010562, org.springframework.security.web.authentication.logout.LogoutFilter@64fe9da7, org.springframework.security.web.authentication.UsernamePasswordAuthenticationFilter@1f77b5cc, org.springframework.security.web.authentication.ui.DefaultLoginPageGeneratingFilter@716e431d, org.springframework.security.web.authentication.ui.DefaultLogoutPageGeneratingFilter@29a1505c, org.springframework.security.web.savedrequest.RequestCacheAwareFilter@73010765, org.springframework.security.web.servletapi.SecurityContextHolderAwareRequestFilter@10dc7d6, org.springframework.security.web.authentication.AnonymousAuthenticationFilter@24db6ce, org.springframework.security.web.session.SessionManagementFilter@38aafb53, org.springframework.security.web.access.ExceptionTranslationFilter@5527b211, org.springframework.security.web.access.intercept.FilterSecurityInterceptor@108a46d6]
""[main] INFO  - [32m[0;39m - Tomcat started on port(s): 8080 (http) with context path ''
""[main] INFO  - [32m[0;39m - Triggering deferred initialization of Spring Data repositories…
""[task-1] INFO  - [32m[0;39m - HikariPool-1 - Start completed.
""[task-1] INFO  - [32m[0;39m - HHH000400: Using dialect: org.hibernate.dialect.MySQL8Dialect
""[task-1] INFO  - [32m[0;39m - HHH000490: Using JtaPlatform implementation: [org.hibernate.engine.transaction.jta.platform.internal.NoJtaPlatform]
""[task-1] INFO  - [32m[0;39m - Initialized JPA EntityManagerFactory for persistence unit 'default'
""[main] INFO  - [32m[0;39m - Spring Data repositories initialized!
""[main] INFO  - [32m[0;39m - Started DemoApplication in 4.012 seconds (JVM running for 4.9)
""[http-nio-8080-exec-1] INFO  - [32m[0;39m - Initializing Spring DispatcherServlet 'dispatcherServlet'
""[http-nio-8080-exec-1] INFO  - [32m[0;39m - Initializing Servlet 'dispatcherServlet'
""[http-nio-8080-exec-1] INFO  - [32m[0;39m - Completed initialization in 1 ms
""[http-nio-8080-exec-7] DEBUG - [32m[0;39m - HomePage accessed
""[http-nio-8080-exec-6] DEBUG - [32m[0;39m - HomePage accessed
""[http-nio-8080-exec-5] DEBUG - [32m[0;39m - HomePage accessed
""[http-nio-8080-exec-8] DEBUG - [32m[0;39m - HomePage accessed
""[http-nio-8080-exec-9] DEBUG - [32m[0;39m - HomePage accessed
""[http-nio-8080-exec-1] DEBUG - [32m[0;39m - HomePage accessed
""[http-nio-8080-exec-2] DEBUG - [32m[0;39m - HomePage accessed
""[http-nio-8080-exec-4] DEBUG - [32m[0;39m - HomePage accessed
""[http-nio-8080-exec-3] DEBUG - [32m[0;39m - HomePage accessed
""[main] INFO  -  Starting DemoApplication on DESKTOP-NFMOMHD with PID 19656 (C:\Users\nemes\Desktop\Gexabyte\Gexabyte\target\classes started by nemes in C:\Users\nemes\Desktop\Gexabyte\Gexabyte)
[32m[0;39m""[main] DEBUG -  Running with Spring Boot v2.3.1.RELEASE, Spring v5.2.7.RELEASE
[32m[0;39m""[main] INFO  -  No active profile set, falling back to default profiles: default
[32m[0;39m""[main] INFO  -  Bootstrapping Spring Data JPA repositories in DEFERRED mode.
[32m[0;39m""[main] INFO  -  Finished Spring Data repository scanning in 55ms. Found 1 JPA repository interfaces.
[32m[0;39m""[main] INFO  -  Tomcat initialized with port(s): 8080 (http)
[32m[0;39m""[main] INFO  -  Starting service [Tomcat]
[32m[0;39m""[main] INFO  -  Starting Servlet engine: [Apache Tomcat/9.0.36]
[32m[0;39m""[main] INFO  -  Initializing Spring embedded WebApplicationContext
[32m[0;39m""[main] INFO  -  Root WebApplicationContext: initialization completed in 1368 ms
[32m[0;39m""[main] INFO  -  Initializing ExecutorService 'applicationTaskExecutor'
[32m[0;39m""[task-1] INFO  -  HHH000204: Processing PersistenceUnitInfo [name: default]
[32m[0;39m""[main] WARN  -  spring.jpa.open-in-view is enabled by default. Therefore, database queries may be performed during view rendering. Explicitly configure spring.jpa.open-in-view to disable this warning
[33m[0;39m""[task-1] INFO  -  HHH000412: Hibernate ORM core version 5.4.17.Final
[32m[0;39m""[task-1] INFO  -  HCANN000001: Hibernate Commons Annotations {5.1.0.Final}
[32m[0;39m""[main] INFO  -  Adding welcome page template: index
[32m[0;39m""[task-1] INFO  -  HikariPool-1 - Starting...
[32m[0;39m""[main] INFO  -  Creating filter chain: any request, [org.springframework.security.web.context.request.async.WebAsyncManagerIntegrationFilter@25d2f66, org.springframework.security.web.context.SecurityContextPersistenceFilter@3727f0ee, org.springframework.security.web.header.HeaderWriterFilter@687e4c93, org.springframework.security.web.authentication.logout.LogoutFilter@3f4f5330, org.springframework.security.web.authentication.UsernamePasswordAuthenticationFilter@28cb3a25, org.springframework.security.web.authentication.ui.DefaultLoginPageGeneratingFilter@7d9ba6c, org.springframework.security.web.authentication.ui.DefaultLogoutPageGeneratingFilter@5a2fa51f, org.springframework.security.web.savedrequest.RequestCacheAwareFilter@fb713e7, org.springframework.security.web.servletapi.SecurityContextHolderAwareRequestFilter@6c6333cd, org.springframework.security.web.authentication.AnonymousAuthenticationFilter@71945bc0, org.springframework.security.web.session.SessionManagementFilter@6ec7bce0, org.springframework.security.web.access.ExceptionTranslationFilter@3db972d2, org.springframework.security.web.access.intercept.FilterSecurityInterceptor@6f1a80fb]
[32m[0;39m""[main] INFO  -  Tomcat started on port(s): 8080 (http) with context path ''
[32m[0;39m""[main] INFO  -  Triggering deferred initialization of Spring Data repositories…
[32m[0;39m""[task-1] INFO  -  HikariPool-1 - Start completed.
[32m[0;39m""[task-1] INFO  -  HHH000400: Using dialect: org.hibernate.dialect.MySQL8Dialect
[32m[0;39m""[task-1] INFO  -  HHH000490: Using JtaPlatform implementation: [org.hibernate.engine.transaction.jta.platform.internal.NoJtaPlatform]
[32m[0;39m""[task-1] INFO  -  Initialized JPA EntityManagerFactory for persistence unit 'default'
[32m[0;39m""[main] INFO  -  Spring Data repositories initialized!
[32m[0;39m""[main] INFO  -  Started DemoApplication in 3.878 seconds (JVM running for 4.748)
[32m[0;39m""[http-nio-8080-exec-1] INFO  -  Initializing Spring DispatcherServlet 'dispatcherServlet'
[32m[0;39m""[http-nio-8080-exec-1] INFO  -  Initializing Servlet 'dispatcherServlet'
[32m[0;39m""[http-nio-8080-exec-1] INFO  -  Completed initialization in 6 ms
[32m[0;39m""[http-nio-8080-exec-6] DEBUG -  HomePage accessed
[32m[0;39m""[http-nio-8080-exec-5] DEBUG -  HomePage accessed
[32m[0;39m""[http-nio-8080-exec-4] DEBUG -  HomePage accessed
[32m[0;39m""[http-nio-8080-exec-10] DEBUG -  HomePage accessed
[32m[0;39m""[http-nio-8080-exec-8] DEBUG -  HomePage accessed
[32m[0;39m""[main] INFO  -  Starting DemoApplication on DESKTOP-NFMOMHD with PID 21128 (C:\Users\nemes\Desktop\Gexabyte\Gexabyte\target\classes started by nemes in C:\Users\nemes\Desktop\Gexabyte\Gexabyte)
""[main] DEBUG -  Running with Spring Boot v2.3.1.RELEASE, Spring v5.2.7.RELEASE
""[main] INFO  -  No active profile set, falling back to default profiles: default
""[main] INFO  -  Bootstrapping Spring Data JPA repositories in DEFERRED mode.
""[main] INFO  -  Finished Spring Data repository scanning in 56ms. Found 1 JPA repository interfaces.
""[main] INFO  -  Tomcat initialized with port(s): 8080 (http)
""[main] INFO  -  Starting service [Tomcat]
""[main] INFO  -  Starting Servlet engine: [Apache Tomcat/9.0.36]
""[main] INFO  -  Initializing Spring embedded WebApplicationContext
""[main] INFO  -  Root WebApplicationContext: initialization completed in 1453 ms
""[main] INFO  -  Initializing ExecutorService 'applicationTaskExecutor'
""[task-1] INFO  -  HHH000204: Processing PersistenceUnitInfo [name: default]
""[main] WARN  -  spring.jpa.open-in-view is enabled by default. Therefore, database queries may be performed during view rendering. Explicitly configure spring.jpa.open-in-view to disable this warning
""[task-1] INFO  -  HHH000412: Hibernate ORM core version 5.4.17.Final
""[task-1] INFO  -  HCANN000001: Hibernate Commons Annotations {5.1.0.Final}
""[main] INFO  -  Adding welcome page template: index
""[task-1] INFO  -  HikariPool-1 - Starting...
""[main] INFO  -  Creating filter chain: any request, [org.springframework.security.web.context.request.async.WebAsyncManagerIntegrationFilter@4068102e, org.springframework.security.web.context.SecurityContextPersistenceFilter@49122b8f, org.springframework.security.web.header.HeaderWriterFilter@22e5f96e, org.springframework.security.web.authentication.logout.LogoutFilter@70c53dbe, org.springframework.security.web.authentication.UsernamePasswordAuthenticationFilter@7efd28bd, org.springframework.security.web.authentication.ui.DefaultLoginPageGeneratingFilter@4195105b, org.springframework.security.web.authentication.ui.DefaultLogoutPageGeneratingFilter@44bd4b0a, org.springframework.security.web.savedrequest.RequestCacheAwareFilter@4beabeec, org.springframework.security.web.servletapi.SecurityContextHolderAwareRequestFilter@68880c21, org.springframework.security.web.authentication.AnonymousAuthenticationFilter@6c008c24, org.springframework.security.web.session.SessionManagementFilter@6c931d35, org.springframework.security.web.access.ExceptionTranslationFilter@2ba5aa7a, org.springframework.security.web.access.intercept.FilterSecurityInterceptor@336206d8]
""[main] INFO  -  Tomcat started on port(s): 8080 (http) with context path ''
""[main] INFO  -  Triggering deferred initialization of Spring Data repositories…
""[task-1] INFO  -  HikariPool-1 - Start completed.
""[task-1] INFO  -  HHH000400: Using dialect: org.hibernate.dialect.MySQL8Dialect
""[task-1] INFO  -  HHH000490: Using JtaPlatform implementation: [org.hibernate.engine.transaction.jta.platform.internal.NoJtaPlatform]
""[task-1] INFO  -  Initialized JPA EntityManagerFactory for persistence unit 'default'
""[main] INFO  -  Spring Data repositories initialized!
""[main] INFO  -  Started DemoApplication in 4.058 seconds (JVM running for 4.94)
""[http-nio-8080-exec-1] INFO  -  Initializing Spring DispatcherServlet 'dispatcherServlet'
""[http-nio-8080-exec-1] INFO  -  Initializing Servlet 'dispatcherServlet'
""[http-nio-8080-exec-1] INFO  -  Completed initialization in 3 ms
""[http-nio-8080-exec-4] DEBUG -  HomePage accessed
""[http-nio-8080-exec-7] DEBUG -  HomePage accessed
""[http-nio-8080-exec-6] DEBUG -  HomePage accessed
""[http-nio-8080-exec-5] DEBUG -  HomePage accessed
""[http-nio-8080-exec-8] DEBUG -  HomePage accessed
""[main] INFO  -  Starting DemoApplication on DESKTOP-NFMOMHD with PID 21036 (C:\Users\nemes\Desktop\Gexabyte\Gexabyte\target\classes started by nemes in C:\Users\nemes\Desktop\Gexabyte\Gexabyte)
""[main] DEBUG -  Running with Spring Boot v2.3.1.RELEASE, Spring v5.2.7.RELEASE
""[main] INFO  -  No active profile set, falling back to default profiles: default
""[main] INFO  -  Bootstrapping Spring Data JPA repositories in DEFERRED mode.
""[main] INFO  -  Finished Spring Data repository scanning in 58ms. Found 1 JPA repository interfaces.
""[main] INFO  -  Tomcat initialized with port(s): 8080 (http)
""[main] INFO  -  Starting service [Tomcat]
""[main] INFO  -  Starting Servlet engine: [Apache Tomcat/9.0.36]
""[main] INFO  -  Initializing Spring embedded WebApplicationContext
""[main] INFO  -  Root WebApplicationContext: initialization completed in 1476 ms
""[main] INFO  -  Initializing ExecutorService 'applicationTaskExecutor'
""[task-1] INFO  -  HHH000204: Processing PersistenceUnitInfo [name: default]
""[main] WARN  -  spring.jpa.open-in-view is enabled by default. Therefore, database queries may be performed during view rendering. Explicitly configure spring.jpa.open-in-view to disable this warning
""[task-1] INFO  -  HHH000412: Hibernate ORM core version 5.4.17.Final
""[task-1] INFO  -  HCANN000001: Hibernate Commons Annotations {5.1.0.Final}
""[main] INFO  -  Adding welcome page template: index
""[task-1] INFO  -  HikariPool-1 - Starting...
""[main] INFO  -  Creating filter chain: any request, [org.springframework.security.web.context.request.async.WebAsyncManagerIntegrationFilter@6ed16657, org.springframework.security.web.context.SecurityContextPersistenceFilter@2412a42b, org.springframework.security.web.header.HeaderWriterFilter@3dd4a6fa, org.springframework.security.web.authentication.logout.LogoutFilter@6850b758, org.springframework.security.web.authentication.UsernamePasswordAuthenticationFilter@f91da5e, org.springframework.security.web.authentication.ui.DefaultLoginPageGeneratingFilter@1e86a5a7, org.springframework.security.web.authentication.ui.DefaultLogoutPageGeneratingFilter@1442f788, org.springframework.security.web.savedrequest.RequestCacheAwareFilter@29138d3a, org.springframework.security.web.servletapi.SecurityContextHolderAwareRequestFilter@66f0548d, org.springframework.security.web.authentication.AnonymousAuthenticationFilter@113e13f9, org.springframework.security.web.session.SessionManagementFilter@3f725306, org.springframework.security.web.access.ExceptionTranslationFilter@49ede9c7, org.springframework.security.web.access.intercept.FilterSecurityInterceptor@36cc9385]
""[main] INFO  -  Tomcat started on port(s): 8080 (http) with context path ''
""[main] INFO  -  Triggering deferred initialization of Spring Data repositories…
""[task-1] INFO  -  HikariPool-1 - Start completed.
""[task-1] INFO  -  HHH000400: Using dialect: org.hibernate.dialect.MySQL8Dialect
""[task-1] INFO  -  HHH000490: Using JtaPlatform implementation: [org.hibernate.engine.transaction.jta.platform.internal.NoJtaPlatform]
""[task-1] INFO  -  Initialized JPA EntityManagerFactory for persistence unit 'default'
""[main] INFO  -  Spring Data repositories initialized!
""[main] INFO  -  Started DemoApplication in 4.005 seconds (JVM running for 4.882)
"